<?xml version="1.0" encoding="UTF-8"?>
<testsuite xmlns:xsi="http://www.w3.org/2001/XMLSchema-instance" xsi:noNamespaceSchemaLocation="https://maven.apache.org/surefire/maven-surefire-plugin/xsd/surefire-test-report.xsd" version="3.0.2" name="com.localnews.config_server.ConfigServerApplicationTests" time="6.474" tests="1" errors="0" skipped="0" failures="0">
  <properties>
[...]
</properties>
  <testcase name="contextLoads" classname="com.localnews.config_server.ConfigServerApplicationTests" time="1.04">
    <system-out><![CDATA[15:06:59.264 [main] INFO org.springframework.test.context.support.AnnotationConfigContextLoaderUtils -- Could not detect default configuration classes for test class [com.localnews.config_server.ConfigServerApplicationTests]: ConfigServerApplicationTests does not declare any static, non-private, non-final, nested classes annotated with @Configuration.
15:06:59.412 [main] INFO org.springframework.boot.test.context.SpringBootTestContextBootstrapper -- Found @SpringBootConfiguration com.localnews.config_server.ConfigServerApplication for test class com.localnews.config_server.ConfigServerApplicationTests

  .   ____          _            __ _ _
 /\\ / ___'_ __ _ _(_)_ __  __ _ \ \ \ \
( ( )\___ | '_ | '_| | '_ \/ _` | \ \ \ \
 \\/  ___)| |_)| | | | | || (_| |  ) ) ) )
  '  |____| .__|_| |_|_| |_\__, | / / / /
 =========|_|==============|___/=/_/_/_/

 :: Spring Boot ::                (v3.4.0)

2024-12-16T15:07:00.495+01:00  INFO 19448 --- [config-server] [           main] c.l.c.ConfigServerApplicationTests       : Starting ConfigServerApplicationTests using Java 21.0.2 with PID 19448 (started by harve in C:\Users\harve\Documents\GitHub\LocalNews\backend\micro-services\config-server)
2024-12-16T15:07:00.498+01:00  INFO 19448 --- [config-server] [           main] c.l.c.ConfigServerApplicationTests       : The following 1 profile is active: "docker"
2024-12-16T15:07:01.662+01:00  INFO 19448 --- [config-server] [           main] .s.d.r.c.RepositoryConfigurationDelegate : Multiple Spring Data modules found, entering strict repository configuration mode
2024-12-16T15:07:01.667+01:00  INFO 19448 --- [config-server] [           main] .s.d.r.c.RepositoryConfigurationDelegate : Bootstrapping Spring Data Redis repositories in DEFAULT mode.
2024-12-16T15:07:01.709+01:00  INFO 19448 --- [config-server] [           main] .s.d.r.c.RepositoryConfigurationDelegate : Finished Spring Data repository scanning in 17 ms. Found 0 Redis repository interfaces.
2024-12-16T15:07:02.029+01:00  INFO 19448 --- [config-server] [           main] o.s.cloud.context.scope.GenericScope     : BeanFactory id=83c1f914-f808-3b60-9f94-f44a63df668f
2024-12-16T15:07:04.420+01:00  INFO 19448 --- [config-server] [           main] c.l.c.ConfigServerApplicationTests       : Started ConfigServerApplicationTests in 4.532 seconds (process running for 6.211)
]]></system-out>
    <system-err><![CDATA[Mockito is currently self-attaching to enable the inline-mock-maker. This will no longer work in future releases of the JDK. Please add Mockito as an agent to your build what is described in Mockito's documentation: https://javadoc.io/doc/org.mockito/mockito-core/latest/org/mockito/Mockito.html#0.3
WARNING: A Java agent has been loaded dynamically (C:\Users\harve\.m2\repository\net\bytebuddy\byte-buddy-agent\1.15.10\byte-buddy-agent-1.15.10.jar)
WARNING: If a serviceability tool is in use, please run with -XX:+EnableDynamicAgentLoading to hide this warning
WARNING: If a serviceability tool is not in use, please run with -Djdk.instrument.traceUsage for more information
WARNING: Dynamic loading of agents will be disallowed by default in a future release
]]></system-err>
  </testcase>
</testsuite>